<?xml version="1.0" encoding="UTF-8"?>
<!-- Generated by org.testng.reporters.JUnitReportReporter -->
<testsuite hostname="Acoounts-PC" name="tasks.DeleteCustomer" tests="1" failures="0" timestamp="1 Dec 2013 03:12:00 GMT" time="15.046" errors="0">
  <testcase name="testDeleteCustomer" time="15.046" classname="tasks.DeleteCustomer"/>
</testsuite> <!-- tasks.DeleteCustomer -->
