<?xml version="1.0" encoding="UTF-8"?>
<!-- Generated by org.testng.reporters.JUnitReportReporter -->
<testsuite hostname="Acoounts-PC" name="settings.CreateBilling" tests="1" failures="0" timestamp="30 Nov 2013 03:54:53 GMT" time="14.190" errors="0">
  <testcase name="testCreateBilling" time="14.190" classname="settings.CreateBilling"/>
</testsuite> <!-- settings.CreateBilling -->
