<?xml version="1.0" encoding="UTF-8"?>
<!-- Generated by org.testng.reporters.JUnitReportReporter -->
<testsuite hostname="Acoounts-PC" name="settings.DeleteBilling" tests="1" failures="0" timestamp="30 Nov 2013 05:11:54 GMT" time="13.389" errors="0">
  <testcase name="testDeleteBilling" time="13.389" classname="settings.DeleteBilling"/>
</testsuite> <!-- settings.DeleteBilling -->
